2024-04-06T00:02:46+00:00 CRITICAL Out of memory (allocated 65011712) (tried to allocate 4194304 bytes) in /wordpress/wp-content/themes/astra/inc/core/deprecated/deprecated-functions.php on line 98

2024-04-06T00:02:48+00:00 CRITICAL Out of memory (allocated 56623104) (tried to allocate 4194304 bytes) in /wordpress/wp-content/plugins/user-registration/includes/functions-ur-template.php on line 145

2024-04-06T00:27:17+00:00 CRITICAL Out of memory (allocated 44040192) (tried to allocate 2097152 bytes) in /wordpress/wp-content/plugins/woocommerce/src/StoreApi/Schemas/V1/ProductSchema.php on line 680

2024-04-06T00:40:28+00:00 CRITICAL Out of memory (allocated 65011712) (tried to allocate 4194304 bytes) in /wordpress/wp-content/themes/astra/inc/core/deprecated/deprecated-hooks.php on line 73

2024-04-06T00:50:06+00:00 CRITICAL Out of memory (allocated 71303168) (tried to allocate 4096 bytes) in /wordpress/wp-includes/rest-api/class-wp-rest-server.php on line 3

2024-04-06T01:05:23+00:00 CRITICAL Out of memory (allocated 65011712) (tried to allocate 4194304 bytes) in /wordpress/wp-content/themes/astra/inc/customizer/configurations/builder/header/configs/header-builder.php on line 517

2024-04-06T01:05:40+00:00 CRITICAL Out of memory (allocated 56623104) (tried to allocate 4194304 bytes) in /wordpress/wp-content/themes/astra/inc/customizer/configurations/builder/header/configs/header-builder.php on line 167

2024-04-06T01:05:50+00:00 CRITICAL Out of memory (allocated 50331648) (tried to allocate 2097152 bytes) in /wordpress/wp-content/plugins/woocommerce/src/StoreApi/Schemas/V1/ProductSchema.php on line 680

2024-04-06T01:19:04+00:00 CRITICAL Out of memory (allocated 62914560) (tried to allocate 4194304 bytes) in /wordpress/wp-content/themes/astra/inc/customizer/configurations/builder/footer/configs/above-footer.php on line 32

2024-04-06T01:52:58+00:00 CRITICAL Out of memory (allocated 65011712) (tried to allocate 2097152 bytes) in /wordpress/wp-content/plugins/woocommerce/src/StoreApi/Schemas/V1/ProductSchema.php on line 680

2024-04-06T01:53:58+00:00 CRITICAL Out of memory (allocated 35651584) (tried to allocate 2097152 bytes) in /wordpress/wp-content/plugins/woocommerce/src/StoreApi/Schemas/V1/ProductSchema.php on line 680

2024-04-06T01:54:58+00:00 CRITICAL Out of memory (allocated 27262976) (tried to allocate 2097152 bytes) in /wordpress/wp-content/plugins/woocommerce/src/StoreApi/Schemas/V1/ProductSchema.php on line 680

2024-04-06T02:34:06+00:00 CRITICAL Out of memory (allocated 62914560) (tried to allocate 4194304 bytes) in /wordpress/wp-content/themes/astra/inc/customizer/configurations/builder/header/configs/header-builder.php on line 511

2024-04-06T02:34:10+00:00 CRITICAL Out of memory (allocated 39845888) (tried to allocate 2097152 bytes) in /wordpress/wp-content/plugins/woocommerce/src/StoreApi/Schemas/V1/ProductSchema.php on line 680

2024-04-06T03:10:13+00:00 CRITICAL Out of memory (allocated 65011712) (tried to allocate 4194304 bytes) in /wordpress/wp-content/themes/astra/inc/core/deprecated/deprecated-hooks.php on line 74

2024-04-06T03:33:44+00:00 CRITICAL Out of memory (allocated 73400320) (tried to allocate 4194304 bytes) in /wordpress/wp-content/themes/astra/inc/builder/type/base/dynamic-css/social/class-astra-social-component-dynamic-css.php on line 402

2024-04-06T03:33:45+00:00 CRITICAL Out of memory (allocated 60817408) (tried to allocate 4194304 bytes) in /wordpress/wp-content/themes/astra/inc/builder/type/base/dynamic-css/social/class-astra-social-component-dynamic-css.php on line 402

2024-04-06T03:33:48+00:00 CRITICAL Out of memory (allocated 27262976) (tried to allocate 2097152 bytes) in /wordpress/wp-content/plugins/woocommerce/src/StoreApi/Schemas/V1/ProductSchema.php on line 676

2024-04-06T03:34:13+00:00 CRITICAL Out of memory (allocated 27262976) (tried to allocate 2097152 bytes) in /wordpress/wp-content/plugins/woocommerce/src/StoreApi/Schemas/V1/ProductSchema.php on line 676

2024-04-06T03:34:38+00:00 CRITICAL Out of memory (allocated 27262976) (tried to allocate 2097152 bytes) in /wordpress/wp-content/plugins/woocommerce/src/StoreApi/Schemas/V1/ProductSchema.php on line 676

